-------------------------------------------------------------------------------
Test set: laskin.LaskinTest
-------------------------------------------------------------------------------
Tests run: 6, Failures: 4, Errors: 0, Skipped: 0, Time elapsed: 0.004 sec <<< FAILURE!
laskin.LaskinTest.testNollaa()  Time elapsed: 0.001 sec  <<< FAILURE!
org.opentest4j.AssertionFailedError: laskimen nollaus v��rin ==> expected: <0.0> but was: <8.0>
	at org.junit.jupiter.api.AssertionFailureBuilder.build(AssertionFailureBuilder.java:151)
	at org.junit.jupiter.api.AssertionFailureBuilder.buildAndThrow(AssertionFailureBuilder.java:132)
	at org.junit.jupiter.api.AssertEquals.failNotEqual(AssertEquals.java:197)
	at org.junit.jupiter.api.AssertEquals.assertEquals(AssertEquals.java:86)
	at org.junit.jupiter.api.Assertions.assertEquals(Assertions.java:1021)
	at laskin.LaskinTest.testNollaa(LaskinTest.java:40)

laskin.LaskinTest.testLisaa()  Time elapsed: 0 sec  <<< FAILURE!
org.opentest4j.AssertionFailedError: Lukujen summa 1 ja 2 v��rin ==> expected: <3.0> but was: <11.0>
	at org.junit.jupiter.api.AssertionFailureBuilder.build(AssertionFailureBuilder.java:151)
	at org.junit.jupiter.api.AssertionFailureBuilder.buildAndThrow(AssertionFailureBuilder.java:132)
	at org.junit.jupiter.api.AssertEquals.failNotEqual(AssertEquals.java:197)
	at org.junit.jupiter.api.AssertEquals.assertEquals(AssertEquals.java:86)
	at org.junit.jupiter.api.Assertions.assertEquals(Assertions.java:1021)
	at laskin.LaskinTest.testLisaa(LaskinTest.java:34)

laskin.LaskinTest.testKerro()  Time elapsed: 0.001 sec  <<< FAILURE!
org.opentest4j.AssertionFailedError: Lukujen 8.4 ja 2.1 kertolasku v��rin ==> expected: <17.64> but was: <40.74>
	at org.junit.jupiter.api.AssertionFailureBuilder.build(AssertionFailureBuilder.java:151)
	at org.junit.jupiter.api.AssertionFailureBuilder.buildAndThrow(AssertionFailureBuilder.java:132)
	at org.junit.jupiter.api.AssertEquals.failNotEqual(AssertEquals.java:197)
	at org.junit.jupiter.api.AssertEquals.assertEquals(AssertEquals.java:86)
	at org.junit.jupiter.api.Assertions.assertEquals(Assertions.java:1021)
	at laskin.LaskinTest.testKerro(LaskinTest.java:74)

laskin.LaskinTest.testJaa()  Time elapsed: 0 sec  <<< FAILURE!
org.opentest4j.AssertionFailedError: Lukujen 8 ja 2 jakolasku v��rin ==> expected: <4.0> but was: <24.37>
	at org.junit.jupiter.api.AssertionFailureBuilder.build(AssertionFailureBuilder.java:151)
	at org.junit.jupiter.api.AssertionFailureBuilder.buildAndThrow(AssertionFailureBuilder.java:132)
	at org.junit.jupiter.api.AssertEquals.failNotEqual(AssertEquals.java:197)
	at org.junit.jupiter.api.AssertEquals.assertEquals(AssertEquals.java:86)
	at org.junit.jupiter.api.Assertions.assertEquals(Assertions.java:1021)
	at laskin.LaskinTest.testJaa(LaskinTest.java:56)

