-------------------------------------------------------------------------------
Test set: org.example.laskin.LaskinTest
-------------------------------------------------------------------------------
Tests run: 6, Failures: 3, Errors: 0, Skipped: 0, Time elapsed: 0.004 sec <<< FAILURE!
org.example.laskin.LaskinTest.testLisaa()  Time elapsed: 0.003 sec  <<< FAILURE!
org.opentest4j.AssertionFailedError: Lukujen summa 1 ja 2 v��rin ==> expected: <3.0> but was: <20.64>
	at org.junit.jupiter.api.AssertionFailureBuilder.build(AssertionFailureBuilder.java:151)
	at org.junit.jupiter.api.AssertionFailureBuilder.buildAndThrow(AssertionFailureBuilder.java:132)
	at org.junit.jupiter.api.AssertEquals.failNotEqual(AssertEquals.java:197)
	at org.junit.jupiter.api.AssertEquals.assertEquals(AssertEquals.java:86)
	at org.junit.jupiter.api.Assertions.assertEquals(Assertions.java:1021)
	at org.example.laskin.LaskinTest.testLisaa(LaskinTest.java:34)

org.example.laskin.LaskinTest.testJaa()  Time elapsed: 0 sec  <<< FAILURE!
org.opentest4j.AssertionFailedError: Lukujen 8 ja 2 jakolasku v��rin ==> expected: <4.0> but was: <14.32>
	at org.junit.jupiter.api.AssertionFailureBuilder.build(AssertionFailureBuilder.java:151)
	at org.junit.jupiter.api.AssertionFailureBuilder.buildAndThrow(AssertionFailureBuilder.java:132)
	at org.junit.jupiter.api.AssertEquals.failNotEqual(AssertEquals.java:197)
	at org.junit.jupiter.api.AssertEquals.assertEquals(AssertEquals.java:86)
	at org.junit.jupiter.api.Assertions.assertEquals(Assertions.java:1021)
	at org.example.laskin.LaskinTest.testJaa(LaskinTest.java:56)

org.example.laskin.LaskinTest.testVahenna()  Time elapsed: 0.001 sec  <<< FAILURE!
org.opentest4j.AssertionFailedError: Lukujen 10 ja 2 erotus v��rin ==> expected: <8.0> but was: <22.32>
	at org.junit.jupiter.api.AssertionFailureBuilder.build(AssertionFailureBuilder.java:151)
	at org.junit.jupiter.api.AssertionFailureBuilder.buildAndThrow(AssertionFailureBuilder.java:132)
	at org.junit.jupiter.api.AssertEquals.failNotEqual(AssertEquals.java:197)
	at org.junit.jupiter.api.AssertEquals.assertEquals(AssertEquals.java:86)
	at org.junit.jupiter.api.Assertions.assertEquals(Assertions.java:1021)
	at org.example.laskin.LaskinTest.testVahenna(LaskinTest.java:48)

